[19:38:39] [main/INFO]: Reloading ResourceManager: Default, bukkit
[19:38:40] [Worker-Main-5/INFO]: Loaded 7 recipes
[19:38:44] [Server thread/INFO]: Starting minecraft server version 1.16.3
[19:38:44] [Server thread/INFO]: Loading properties
[19:38:45] [Server thread/INFO]: This server is running CraftBukkit version git-Spigot-57bbdd8-dea4138 (MC: 1.16.3) (Implementing API version 1.16.3-R0.1-SNAPSHOT)
[19:38:45] [Server thread/INFO]: Debug logging is disabled
[19:38:45] [Server thread/INFO]: Server Ping Player Sample Count: 12
[19:38:45] [Server thread/INFO]: Using 4 threads for Netty based IO
[19:38:45] [Server thread/INFO]: Default game type: SURVIVAL
[19:38:45] [Server thread/INFO]: Generating keypair
[19:38:46] [Server thread/INFO]: Starting Minecraft server on *:25565
[19:38:46] [Server thread/INFO]: Using default channel type
[19:38:48] [Server thread/INFO]: [Hexs_Bingo_Plugin] Loading Hexs_Bingo_Plugin v1.1
[19:38:48] [Server thread/INFO]: [Hexs_Bingo_Plugin] Enabling Hexs_Bingo_Plugin v1.1
[19:38:51] [Server thread/INFO]: [Hexs_Bingo_Plugin] World deleted...
[19:38:51] [Server thread/INFO]: [Hexs_Bingo_Plugin] Started Hexs Bingo Plugin!
[19:38:51] [Server thread/INFO]: Preparing level "world"
[19:38:51] [Server thread/INFO]: -------- World Settings For [world] --------
[19:38:51] [Server thread/INFO]: Mob Spawn Range: 6
[19:38:51] [Server thread/INFO]: Experience Merge Radius: 3.0
[19:38:51] [Server thread/INFO]: Cactus Growth Modifier: 100%
[19:38:51] [Server thread/INFO]: Cane Growth Modifier: 100%
[19:38:51] [Server thread/INFO]: Melon Growth Modifier: 100%
[19:38:51] [Server thread/INFO]: Mushroom Growth Modifier: 100%
[19:38:51] [Server thread/INFO]: Pumpkin Growth Modifier: 100%
[19:38:51] [Server thread/INFO]: Sapling Growth Modifier: 100%
[19:38:51] [Server thread/INFO]: Beetroot Growth Modifier: 100%
[19:38:51] [Server thread/INFO]: Carrot Growth Modifier: 100%
[19:38:51] [Server thread/INFO]: Potato Growth Modifier: 100%
[19:38:51] [Server thread/INFO]: Wheat Growth Modifier: 100%
[19:38:51] [Server thread/INFO]: NetherWart Growth Modifier: 100%
[19:38:51] [Server thread/INFO]: Vine Growth Modifier: 100%
[19:38:51] [Server thread/INFO]: Cocoa Growth Modifier: 100%
[19:38:51] [Server thread/INFO]: Bamboo Growth Modifier: 100%
[19:38:51] [Server thread/INFO]: SweetBerry Growth Modifier: 100%
[19:38:51] [Server thread/INFO]: Kelp Growth Modifier: 100%
[19:38:51] [Server thread/INFO]: Entity Tracking Range: Pl 48 / An 48 / Mo 48 / Mi 32 / Other 64
[19:38:51] [Server thread/INFO]: Allow Zombie Pigmen to spawn from portal blocks: true
[19:38:51] [Server thread/INFO]: Item Despawn Rate: 6000
[19:38:51] [Server thread/INFO]: Item Merge Radius: 2.5
[19:38:51] [Server thread/INFO]: View Distance: 10
[19:38:51] [Server thread/INFO]: Zombie Aggressive Towards Villager: true
[19:38:51] [Server thread/INFO]: Nerfing mobs spawned from spawners: false
[19:38:51] [Server thread/INFO]: Arrow Despawn Rate: 1200 Trident Respawn Rate:1200
[19:38:51] [Server thread/INFO]: Custom Map Seeds:  Village: 10387312 Desert: 14357617 Igloo: 14357618 Jungle: 14357619 Swamp: 14357620 Monument: 10387313 Ocean: 14357621 Shipwreck: 165745295 End City: 10387313 Slime: 987234911 Bastion: 30084232 Fortress: 30084232 Mansion: 10387319 Fossil: 14357921 Portal: 34222645
[19:38:51] [Server thread/INFO]: Hopper Transfer: 8 Hopper Check: 1 Hopper Amount: 1
[19:38:51] [Server thread/INFO]: Max TNT Explosions: 100
[19:38:51] [Server thread/INFO]: Tile Max Tick Time: 50ms Entity max Tick Time: 50ms
[19:38:51] [Server thread/INFO]: Entity Activation Range: An 32 / Mo 32 / Ra 48 / Mi 16 / Tiv true
[19:38:51] [Server thread/WARN]: Unable to find spawn biome
[19:38:58] [Server thread/INFO]: -------- World Settings For [world_nether] --------
[19:38:58] [Server thread/INFO]: Mob Spawn Range: 6
[19:38:58] [Server thread/INFO]: Experience Merge Radius: 3.0
[19:38:58] [Server thread/INFO]: Cactus Growth Modifier: 100%
[19:38:58] [Server thread/INFO]: Cane Growth Modifier: 100%
[19:38:58] [Server thread/INFO]: Melon Growth Modifier: 100%
[19:38:58] [Server thread/INFO]: Mushroom Growth Modifier: 100%
[19:38:58] [Server thread/INFO]: Pumpkin Growth Modifier: 100%
[19:38:58] [Server thread/INFO]: Sapling Growth Modifier: 100%
[19:38:58] [Server thread/INFO]: Beetroot Growth Modifier: 100%
[19:38:58] [Server thread/INFO]: Carrot Growth Modifier: 100%
[19:38:58] [Server thread/INFO]: Potato Growth Modifier: 100%
[19:38:58] [Server thread/INFO]: Wheat Growth Modifier: 100%
[19:38:58] [Server thread/INFO]: NetherWart Growth Modifier: 100%
[19:38:58] [Server thread/INFO]: Vine Growth Modifier: 100%
[19:38:58] [Server thread/INFO]: Cocoa Growth Modifier: 100%
[19:38:58] [Server thread/INFO]: Bamboo Growth Modifier: 100%
[19:38:58] [Server thread/INFO]: SweetBerry Growth Modifier: 100%
[19:38:58] [Server thread/INFO]: Kelp Growth Modifier: 100%
[19:38:58] [Server thread/INFO]: Entity Tracking Range: Pl 48 / An 48 / Mo 48 / Mi 32 / Other 64
[19:38:58] [Server thread/INFO]: Allow Zombie Pigmen to spawn from portal blocks: true
[19:38:58] [Server thread/INFO]: Item Despawn Rate: 6000
[19:38:58] [Server thread/INFO]: Item Merge Radius: 2.5
[19:38:58] [Server thread/INFO]: View Distance: 10
[19:38:58] [Server thread/INFO]: Zombie Aggressive Towards Villager: true
[19:38:58] [Server thread/INFO]: Nerfing mobs spawned from spawners: false
[19:38:58] [Server thread/INFO]: Arrow Despawn Rate: 1200 Trident Respawn Rate:1200
[19:38:58] [Server thread/INFO]: Custom Map Seeds:  Village: 10387312 Desert: 14357617 Igloo: 14357618 Jungle: 14357619 Swamp: 14357620 Monument: 10387313 Ocean: 14357621 Shipwreck: 165745295 End City: 10387313 Slime: 987234911 Bastion: 30084232 Fortress: 30084232 Mansion: 10387319 Fossil: 14357921 Portal: 34222645
[19:38:58] [Server thread/INFO]: Hopper Transfer: 8 Hopper Check: 1 Hopper Amount: 1
[19:38:58] [Server thread/INFO]: Max TNT Explosions: 100
[19:38:58] [Server thread/INFO]: Tile Max Tick Time: 50ms Entity max Tick Time: 50ms
[19:38:58] [Server thread/INFO]: Entity Activation Range: An 32 / Mo 32 / Ra 48 / Mi 16 / Tiv true
[19:38:58] [Server thread/WARN]: Unable to find spawn biome
[19:38:59] [Server thread/INFO]: -------- World Settings For [world_the_end] --------
[19:38:59] [Server thread/INFO]: Mob Spawn Range: 6
[19:38:59] [Server thread/INFO]: Experience Merge Radius: 3.0
[19:38:59] [Server thread/INFO]: Cactus Growth Modifier: 100%
[19:38:59] [Server thread/INFO]: Cane Growth Modifier: 100%
[19:38:59] [Server thread/INFO]: Melon Growth Modifier: 100%
[19:38:59] [Server thread/INFO]: Mushroom Growth Modifier: 100%
[19:38:59] [Server thread/INFO]: Pumpkin Growth Modifier: 100%
[19:38:59] [Server thread/INFO]: Sapling Growth Modifier: 100%
[19:38:59] [Server thread/INFO]: Beetroot Growth Modifier: 100%
[19:38:59] [Server thread/INFO]: Carrot Growth Modifier: 100%
[19:38:59] [Server thread/INFO]: Potato Growth Modifier: 100%
[19:38:59] [Server thread/INFO]: Wheat Growth Modifier: 100%
[19:38:59] [Server thread/INFO]: NetherWart Growth Modifier: 100%
[19:38:59] [Server thread/INFO]: Vine Growth Modifier: 100%
[19:38:59] [Server thread/INFO]: Cocoa Growth Modifier: 100%
[19:38:59] [Server thread/INFO]: Bamboo Growth Modifier: 100%
[19:38:59] [Server thread/INFO]: SweetBerry Growth Modifier: 100%
[19:38:59] [Server thread/INFO]: Kelp Growth Modifier: 100%
[19:38:59] [Server thread/INFO]: Entity Tracking Range: Pl 48 / An 48 / Mo 48 / Mi 32 / Other 64
[19:38:59] [Server thread/INFO]: Allow Zombie Pigmen to spawn from portal blocks: true
[19:38:59] [Server thread/INFO]: Item Despawn Rate: 6000
[19:38:59] [Server thread/INFO]: Item Merge Radius: 2.5
[19:38:59] [Server thread/INFO]: View Distance: 10
[19:38:59] [Server thread/INFO]: Zombie Aggressive Towards Villager: true
[19:38:59] [Server thread/INFO]: Nerfing mobs spawned from spawners: false
[19:38:59] [Server thread/INFO]: Arrow Despawn Rate: 1200 Trident Respawn Rate:1200
[19:38:59] [Server thread/INFO]: Custom Map Seeds:  Village: 10387312 Desert: 14357617 Igloo: 14357618 Jungle: 14357619 Swamp: 14357620 Monument: 10387313 Ocean: 14357621 Shipwreck: 165745295 End City: 10387313 Slime: 987234911 Bastion: 30084232 Fortress: 30084232 Mansion: 10387319 Fossil: 14357921 Portal: 34222645
[19:38:59] [Server thread/INFO]: Hopper Transfer: 8 Hopper Check: 1 Hopper Amount: 1
[19:38:59] [Server thread/INFO]: Max TNT Explosions: 100
[19:38:59] [Server thread/INFO]: Tile Max Tick Time: 50ms Entity max Tick Time: 50ms
[19:38:59] [Server thread/INFO]: Entity Activation Range: An 32 / Mo 32 / Ra 48 / Mi 16 / Tiv true
[19:38:59] [Server thread/WARN]: Unable to find spawn biome
[19:39:00] [Server thread/INFO]: Preparing start region for dimension minecraft:overworld
[19:39:00] [Worker-Main-6/INFO]: Preparing spawn area: 0%
[19:39:00] [Worker-Main-5/INFO]: Preparing spawn area: 0%
[19:39:01] [Worker-Main-5/INFO]: Preparing spawn area: 0%
[19:39:01] [Worker-Main-4/INFO]: Preparing spawn area: 0%
[19:39:02] [Worker-Main-6/INFO]: Preparing spawn area: 0%
[19:39:02] [Worker-Main-5/INFO]: Preparing spawn area: 1%
[19:39:03] [Worker-Main-5/INFO]: Preparing spawn area: 1%
[19:39:03] [Worker-Main-5/INFO]: Preparing spawn area: 4%
[19:39:04] [Worker-Main-4/INFO]: Preparing spawn area: 4%
[19:39:04] [Worker-Main-4/INFO]: Preparing spawn area: 4%
[19:39:05] [Worker-Main-4/INFO]: Preparing spawn area: 10%
[19:39:05] [Worker-Main-6/INFO]: Preparing spawn area: 10%
[19:39:06] [Worker-Main-6/INFO]: Preparing spawn area: 10%
[19:39:06] [Worker-Main-5/INFO]: Preparing spawn area: 18%
[19:39:07] [Worker-Main-6/INFO]: Preparing spawn area: 19%
[19:39:07] [Worker-Main-5/INFO]: Preparing spawn area: 19%
[19:39:08] [Worker-Main-5/INFO]: Preparing spawn area: 19%
[19:39:08] [Worker-Main-5/INFO]: Preparing spawn area: 28%
[19:39:09] [Worker-Main-5/INFO]: Preparing spawn area: 28%
[19:39:09] [Worker-Main-6/INFO]: Preparing spawn area: 28%
[19:39:10] [Worker-Main-5/INFO]: Preparing spawn area: 28%
[19:39:10] [Worker-Main-5/INFO]: Preparing spawn area: 28%
[19:39:11] [Worker-Main-4/INFO]: Preparing spawn area: 42%
[19:39:11] [Worker-Main-4/INFO]: Preparing spawn area: 42%
[19:39:12] [Worker-Main-5/INFO]: Preparing spawn area: 42%
[19:39:12] [Worker-Main-4/INFO]: Preparing spawn area: 42%
[19:39:13] [Worker-Main-5/INFO]: Preparing spawn area: 42%
[19:39:14] [Worker-Main-5/INFO]: Preparing spawn area: 56%
[19:39:14] [Worker-Main-5/INFO]: Preparing spawn area: 56%
[19:39:15] [Worker-Main-4/INFO]: Preparing spawn area: 62%
[19:39:15] [Worker-Main-4/INFO]: Preparing spawn area: 62%
[19:39:17] [Worker-Main-4/INFO]: Preparing spawn area: 69%
[19:39:17] [Worker-Main-4/INFO]: Preparing spawn area: 69%
[19:39:17] [Worker-Main-4/INFO]: Preparing spawn area: 69%
[19:39:17] [Worker-Main-4/INFO]: Preparing spawn area: 69%
[19:39:17] [Worker-Main-4/INFO]: Preparing spawn area: 69%
[19:39:18] [Worker-Main-4/INFO]: Preparing spawn area: 94%
[19:39:18] [Server thread/INFO]: Time elapsed: 18379 ms
[19:39:18] [Server thread/INFO]: Preparing start region for dimension minecraft:the_nether
[19:39:18] [Worker-Main-4/INFO]: Preparing spawn area: 0%
[19:39:19] [Worker-Main-6/INFO]: Preparing spawn area: 0%
[19:39:19] [Worker-Main-5/INFO]: Preparing spawn area: 1%
[19:39:20] [Worker-Main-5/INFO]: Preparing spawn area: 2%
[19:39:20] [Worker-Main-5/INFO]: Preparing spawn area: 5%
[19:39:21] [Worker-Main-4/INFO]: Preparing spawn area: 9%
[19:39:21] [Worker-Main-4/INFO]: Preparing spawn area: 11%
[19:39:22] [Worker-Main-4/INFO]: Preparing spawn area: 15%
[19:39:22] [Worker-Main-4/INFO]: Preparing spawn area: 18%
[19:39:23] [Worker-Main-5/INFO]: Preparing spawn area: 19%
[19:39:23] [Worker-Main-4/INFO]: Preparing spawn area: 19%
[19:39:24] [Worker-Main-4/INFO]: Preparing spawn area: 24%
[19:39:24] [Worker-Main-4/INFO]: Preparing spawn area: 27%
[19:39:25] [Worker-Main-6/INFO]: Preparing spawn area: 27%
[19:39:25] [Worker-Main-4/INFO]: Preparing spawn area: 32%
[19:39:26] [Worker-Main-4/INFO]: Preparing spawn area: 36%
[19:39:26] [Worker-Main-5/INFO]: Preparing spawn area: 39%
[19:39:27] [Worker-Main-6/INFO]: Preparing spawn area: 39%
[19:39:27] [Worker-Main-6/INFO]: Preparing spawn area: 45%
[19:39:28] [Worker-Main-5/INFO]: Preparing spawn area: 45%
[19:39:28] [Worker-Main-5/INFO]: Preparing spawn area: 48%
[19:39:29] [Worker-Main-5/INFO]: Preparing spawn area: 48%
[19:39:29] [Worker-Main-5/INFO]: Preparing spawn area: 55%
[19:39:30] [Worker-Main-4/INFO]: Preparing spawn area: 55%
[19:39:30] [Worker-Main-6/INFO]: Preparing spawn area: 62%
[19:39:31] [Worker-Main-4/INFO]: Preparing spawn area: 62%
[19:39:31] [Worker-Main-4/INFO]: Preparing spawn area: 69%
[19:39:32] [Worker-Main-5/INFO]: Preparing spawn area: 77%
[19:39:32] [Worker-Main-4/INFO]: Preparing spawn area: 83%
[19:39:33] [Worker-Main-6/INFO]: Preparing spawn area: 89%
[19:39:33] [Worker-Main-4/INFO]: Preparing spawn area: 96%
[19:39:33] [Server thread/INFO]: Time elapsed: 15191 ms
[19:39:33] [Server thread/INFO]: Preparing start region for dimension minecraft:the_end
[19:39:33] [Worker-Main-5/INFO]: Preparing spawn area: 0%
[19:39:34] [Worker-Main-4/INFO]: Preparing spawn area: 4%
[19:39:34] [Worker-Main-5/INFO]: Preparing spawn area: 31%
[19:39:35] [Worker-Main-5/INFO]: Preparing spawn area: 61%
[19:39:35] [Server thread/INFO]: Time elapsed: 1975 ms
[19:39:35] [Server thread/INFO]: Server permissions file permissions.yml is empty, ignoring it
[19:39:35] [Server thread/INFO]: Done (44.696s)! For help, type "help"
[19:43:49] [User Authenticator #1/INFO]: UUID of player hexadezimal6E_3B is 6866bee3-c1fb-4390-8fa2-f3252f7d43ec
[19:43:51] [Server thread/INFO]: hexadezimal6E_3B[/127.0.0.1:63611] logged in with entity id 764 at ([world]-53.5, 77.0, -14.5)
[19:44:06] [Server thread/INFO]: hexadezimal6E_3B issued server command: /stop
[19:44:06] [Server thread/INFO]: [hexadezimal6E_3B: Stopping the server]
[19:44:06] [Server thread/INFO]: Stopping server
[19:44:06] [Server thread/INFO]: [Hexs_Bingo_Plugin] Disabling Hexs_Bingo_Plugin v1.1
[19:44:06] [Server thread/INFO]: [Hexs_Bingo_Plugin] Stopped Hexs Bingo Plugin!
[19:44:06] [Server thread/INFO]: Saving players
[19:44:07] [Server thread/INFO]: hexadezimal6E_3B lost connection: Server closed
[19:44:07] [Server thread/INFO]: hexadezimal6E_3B left the game
[19:44:07] [Server thread/INFO]: Saving worlds
[19:44:07] [Server thread/INFO]: Saving chunks for level 'ServerLevel[world]'/minecraft:overworld
[19:44:20] [Server thread/INFO]: ThreadedAnvilChunkStorage (world): All chunks are saved
[19:44:21] [Server thread/INFO]: Saving chunks for level 'ServerLevel[world_nether]'/minecraft:the_nether
[19:44:25] [Server thread/INFO]: ThreadedAnvilChunkStorage (DIM-1): All chunks are saved
[19:44:25] [Server thread/INFO]: Saving chunks for level 'ServerLevel[world_the_end]'/minecraft:the_end
[19:44:27] [Server thread/INFO]: ThreadedAnvilChunkStorage (DIM1): All chunks are saved
[19:44:27] [Server thread/INFO]: ThreadedAnvilChunkStorage (world): All chunks are saved
[19:44:27] [Server thread/INFO]: ThreadedAnvilChunkStorage (DIM-1): All chunks are saved
[19:44:28] [Server thread/INFO]: ThreadedAnvilChunkStorage (DIM1): All chunks are saved
